<?xml version="1.0" encoding="UTF-8" standalone="yes"?>
<Prognosis Type="D-Prognosis" PTU-Duration="15" Period="2020-01-01" TimeZone="Europe/Amsterdam" CongestionPoint="ea1.1992-01.com.usef-example:gridpoint.11111111-1111-1111-1111" Sequence="20141208153535305">
	<MessageMetadata SenderDomain="anc.com" SenderRole="AGR" RecipientDomain="usef-example.com" RecipientRole="DSO" TimeStamp="2014-12-08T15:35:35.305+01:00" MessageID="2439b6d5-add4-4455-a763-0c2bb102bbea" ConversationID="34e79173-d3ea-42fa-8b44-928668f5430e" Precedence="Transactional"/>
	<PTU Power="100" Start="1" Duration="1"/>
	<PTU Power="100" Start="2" Duration="1"/>
	<PTU Power="100" Start="3" Duration="1"/>
	<PTU Power="100" Start="4" Duration="1"/>
	<PTU Power="100" Start="5" Duration="1"/>
	<PTU Power="100" Start="6" Duration="1"/>
	<PTU Power="100" Start="7" Duration="1"/>
	<PTU Power="100" Start="8" Duration="1"/>
	<PTU Power="100" Start="9" Duration="1"/>
	<PTU Power="100" Start="10" Duration="1"/>
	<PTU Power="100" Start="11" Duration="1"/>
	<PTU Power="100" Start="12" Duration="1"/>
	<PTU Power="100" Start="13" Duration="1"/>
	<PTU Power="100" Start="14" Duration="1"/>
	<PTU Power="100" Start="15" Duration="1"/>
	<PTU Power="100" Start="16" Duration="1"/>
	<PTU Power="100" Start="17" Duration="1"/>
	<PTU Power="100" Start="18" Duration="1"/>
	<PTU Power="100" Start="19" Duration="1"/>
	<PTU Power="100" Start="20" Duration="1"/>
	<PTU Power="100" Start="21" Duration="1"/>
	<PTU Power="100" Start="22" Duration="1"/>
	<PTU Power="100" Start="23" Duration="1"/>
	<PTU Power="100" Start="24" Duration="1"/>
	<PTU Power="100" Start="25" Duration="1"/>
	<PTU Power="100" Start="26" Duration="1"/>
	<PTU Power="100" Start="27" Duration="1"/>
	<PTU Power="100" Start="28" Duration="1"/>
	<PTU Power="-100" Start="29" Duration="1"/>
	<PTU Power="-100" Start="30" Duration="1"/>
	<PTU Power="-100" Start="31" Duration="1"/>
	<PTU Power="-100" Start="32" Duration="1"/>
	<PTU Power="-100" Start="33" Duration="1"/>
	<PTU Power="-100" Start="34" Duration="1"/>
	<PTU Power="-100" Start="35" Duration="1"/>
	<PTU Power="-100" Start="36" Duration="1"/>
	<PTU Power="-100" Start="37" Duration="1"/>
	<PTU Power="-100" Start="38" Duration="1"/>
	<PTU Power="-100" Start="39" Duration="1"/>
	<PTU Power="-100" Start="40" Duration="1"/>
	<PTU Power="100" Start="41" Duration="1"/>
	<PTU Power="100" Start="42" Duration="1"/>
	<PTU Power="100" Start="43" Duration="1"/>
	<PTU Power="100" Start="44" Duration="1"/>
	<PTU Power="100" Start="45" Duration="1"/>
	<PTU Power="100" Start="46" Duration="1"/>
	<PTU Power="100" Start="47" Duration="1"/>
	<PTU Power="100" Start="48" Duration="1"/>
	<PTU Power="100" Start="49" Duration="1"/>
	<PTU Power="100" Start="50" Duration="1"/>
	<PTU Power="100" Start="51" Duration="1"/>
	<PTU Power="100" Start="52" Duration="1"/>
	<PTU Power="100" Start="53" Duration="1"/>
	<PTU Power="100" Start="54" Duration="1"/>
	<PTU Power="100" Start="55" Duration="1"/>
	<PTU Power="100" Start="56" Duration="1"/>
	<PTU Power="100" Start="57" Duration="1"/>
	<PTU Power="100" Start="58" Duration="1"/>
	<PTU Power="100" Start="59" Duration="1"/>
	<PTU Power="100" Start="60" Duration="1"/>
	<PTU Power="100" Start="61" Duration="1"/>
	<PTU Power="100" Start="62" Duration="1"/>
	<PTU Power="100" Start="63" Duration="1"/>
	<PTU Power="100" Start="64" Duration="1"/>
	<PTU Power="100" Start="65" Duration="1"/>
	<PTU Power="100" Start="66" Duration="1"/>
	<PTU Power="100" Start="67" Duration="1"/>
	<PTU Power="100" Start="68" Duration="1"/>
	<PTU Power="-100" Start="69" Duration="1"/>
	<PTU Power="-100" Start="70" Duration="1"/>
	<PTU Power="-100" Start="71" Duration="1"/>
	<PTU Power="-100" Start="72" Duration="1"/>
	<PTU Power="-100" Start="73" Duration="1"/>
	<PTU Power="-100" Start="74" Duration="1"/>
	<PTU Power="-100" Start="75" Duration="1"/>
	<PTU Power="-100" Start="76" Duration="1"/>
	<PTU Power="-100" Start="77" Duration="1"/>
	<PTU Power="-100" Start="78" Duration="1"/>
	<PTU Power="-100" Start="79" Duration="1"/>
	<PTU Power="-100" Start="80" Duration="1"/>
	<PTU Power="-100" Start="81" Duration="1"/>
	<PTU Power="-100" Start="82" Duration="1"/>
	<PTU Power="-100" Start="83" Duration="1"/>
	<PTU Power="-100" Start="84" Duration="1"/>
	<PTU Power="100" Start="85" Duration="1"/>
	<PTU Power="100" Start="86" Duration="1"/>
	<PTU Power="100" Start="87" Duration="1"/>
	<PTU Power="100" Start="88" Duration="1"/>
	<PTU Power="100" Start="89" Duration="1"/>
	<PTU Power="100" Start="90" Duration="1"/>
	<PTU Power="100" Start="91" Duration="1"/>
	<PTU Power="100" Start="92" Duration="1"/>
	<PTU Power="100" Start="93" Duration="1"/>
	<PTU Power="100" Start="94" Duration="1"/>
	<PTU Power="100" Start="95" Duration="1"/>
	<PTU Power="100" Start="96" Duration="1"/>
</Prognosis>
